I, [2015-05-22T07:07:39.865029 #11175]  INFO -- : Refreshing Gem list
I, [2015-05-22T07:07:41.565043 #11175]  INFO -- : unlinking existing socket=/tmp/unicorn.cosme.sock
I, [2015-05-22T07:07:41.565175 #11175]  INFO -- : listening on addr=/tmp/unicorn.cosme.sock fd=11
I, [2015-05-22T07:07:42.575229 #11175]  INFO -- : master process ready
I, [2015-05-22T07:07:42.584148 #11187]  INFO -- : worker=0 ready
/home/xv/cosme/app/views/products/show.html.erb:105: warning: duplicated key at line 105 ignored: :min
I, [2015-05-22T07:33:34.826529 #11175]  INFO -- : reaped #<Process::Status: pid 11187 exit 0> worker=0
I, [2015-05-22T07:33:34.826679 #11175]  INFO -- : master complete
I, [2015-05-22T07:56:10.872720 #3800]  INFO -- : Refreshing Gem list
I, [2015-05-22T07:56:12.960863 #3800]  INFO -- : listening on addr=/tmp/unicorn.cosme.sock fd=11
I, [2015-05-22T07:56:13.970365 #3800]  INFO -- : master process ready
I, [2015-05-22T07:56:13.990742 #3812]  INFO -- : worker=0 ready
I, [2015-05-22T07:57:08.843874 #3800]  INFO -- : reaped #<Process::Status: pid 3812 exit 0> worker=0
I, [2015-05-22T07:57:08.844083 #3800]  INFO -- : master complete
I, [2015-05-22T07:57:18.329762 #3834]  INFO -- : Refreshing Gem list
I, [2015-05-22T07:57:20.031370 #3834]  INFO -- : unlinking existing socket=/tmp/unicorn.cosme.sock
I, [2015-05-22T07:57:20.031499 #3834]  INFO -- : listening on addr=/tmp/unicorn.cosme.sock fd=11
I, [2015-05-22T07:57:21.041036 #3834]  INFO -- : master process ready
I, [2015-05-22T07:57:21.049655 #3846]  INFO -- : worker=0 ready
I, [2015-05-22T07:59:36.399582 #3834]  INFO -- : reaped #<Process::Status: pid 3846 exit 0> worker=0
I, [2015-05-22T07:59:36.399729 #3834]  INFO -- : master complete
I, [2015-05-22T07:59:45.659135 #3931]  INFO -- : Refreshing Gem list
I, [2015-05-22T07:59:47.367770 #3931]  INFO -- : unlinking existing socket=/tmp/unicorn.cosme.sock
I, [2015-05-22T07:59:47.367940 #3931]  INFO -- : listening on addr=/tmp/unicorn.cosme.sock fd=11
I, [2015-05-22T07:59:48.376206 #3931]  INFO -- : master process ready
I, [2015-05-22T07:59:48.381925 #3947]  INFO -- : worker=0 ready
D, [2015-05-22T09:56:15.352252 #3931] DEBUG -- : waiting 16.0s after suspend/hibernation
I, [2015-05-22T16:46:02.636717 #3931]  INFO -- : reaped #<Process::Status: pid 3947 exit 0> worker=0
I, [2015-05-22T16:46:02.636828 #3931]  INFO -- : master complete
I, [2015-05-24T15:55:42.053492 #5379]  INFO -- : Refreshing Gem list
I, [2015-05-24T15:55:52.114198 #5379]  INFO -- : listening on addr=/tmp/unicorn.cosme.sock fd=11
I, [2015-05-24T15:55:53.184637 #5379]  INFO -- : master process ready
I, [2015-05-24T15:55:53.204386 #5419]  INFO -- : worker=0 ready
D, [2015-05-24T23:24:16.305461 #5379] DEBUG -- : waiting 16.0s after suspend/hibernation
D, [2015-05-25T00:11:46.576831 #5379] DEBUG -- : waiting 16.0s after suspend/hibernation
I, [2015-05-25T01:17:17.532375 #5379]  INFO -- : reaped #<Process::Status: pid 5419 exit 0> worker=0
I, [2015-05-25T01:17:17.532482 #5379]  INFO -- : master complete
I, [2015-05-27T22:42:25.331821 #4636]  INFO -- : Refreshing Gem list
I, [2015-05-27T22:42:35.697164 #4636]  INFO -- : listening on addr=/tmp/unicorn.cosme.sock fd=11
I, [2015-05-27T22:42:36.761994 #4636]  INFO -- : master process ready
I, [2015-05-27T22:42:36.879964 #4684]  INFO -- : worker=0 ready
